<?xml version="1.0" encoding="UTF-8"?>
<robot generator="Robot 5.0.1 (Python 3.10.6 on win32)" generated="20221030 12:52:34.954" rpa="false" schemaversion="3">
<suite id="s1" name="Tests" source="C:\yasser\thierno\Tests">
<suite id="s1-s1" name="Main" source="C:\yasser\thierno\Tests\main.robot">
<test id="s1-s1-t1" name="Main Test" line="13">
<kw name="First Keyword">
<kw name="Open Browser" library="SeleniumLibrary">
<arg>about:blank</arg>
<arg>${navigateur}</arg>
<doc>Opens a new browser instance to the optional ``url``.</doc>
<msg timestamp="20221030 12:52:35.253" level="INFO">Opening browser 'chrome' to base url 'about:blank'.</msg>
<status status="PASS" starttime="20221030 12:52:35.253" endtime="20221030 12:52:36.798"/>
</kw>
<kw name="Maximize Browser Window" library="SeleniumLibrary">
<doc>Maximizes current browser window.</doc>
<status status="PASS" starttime="20221030 12:52:36.799" endtime="20221030 12:52:36.969"/>
</kw>
<kw name="Go To" library="SeleniumLibrary">
<arg>${url}</arg>
<doc>Navigates the current browser window to the provided ``url``.</doc>
<msg timestamp="20221030 12:52:36.969" level="INFO">Opening url 'https://www.youtube.com/'</msg>
<status status="PASS" starttime="20221030 12:52:36.969" endtime="20221030 12:52:44.059"/>
</kw>
<kw name="Close Browser" library="SeleniumLibrary">
<doc>Closes the current browser.</doc>
<status status="PASS" starttime="20221030 12:52:44.059" endtime="20221030 12:52:46.377"/>
</kw>
<status status="PASS" starttime="20221030 12:52:35.252" endtime="20221030 12:52:46.377"/>
</kw>
<status status="PASS" starttime="20221030 12:52:35.251" endtime="20221030 12:52:46.377"/>
</test>
<status status="PASS" starttime="20221030 12:52:34.970" endtime="20221030 12:52:46.377"/>
</suite>
<status status="PASS" starttime="20221030 12:52:34.954" endtime="20221030 12:52:46.377"/>
</suite>
<statistics>
<total>
<stat pass="1" fail="0" skip="0">All Tests</stat>
</total>
<tag>
</tag>
<suite>
<stat pass="1" fail="0" skip="0" id="s1" name="Tests">Tests</stat>
<stat pass="1" fail="0" skip="0" id="s1-s1" name="Main">Tests.Main</stat>
</suite>
</statistics>
<errors>
</errors>
</robot>
